<?xml version="1.0" encoding="UTF-8"?>
<!-- Generated by org.testng.reporters.JUnitReportReporter -->
<testsuite skipped="0" hostname="SONY-VAIO" name="first.first" tests="2" failures="0" timestamp="13 May 2020 09:15:26 GMT" time="0.008" errors="0">
  <testcase name="test2" time="0.002" classname="first.first"/>
  <testcase name="test1" time="0.006" classname="first.first"/>
</testsuite> <!-- first.first -->
