<?xml version="1.0" encoding="UTF-8"?>
<!-- Generated by org.testng.reporters.JUnitReportReporter -->
<testsuite skipped="0" hostname="SONY-VAIO" name="first.second" tests="1" failures="0" timestamp="13 May 2020 09:15:26 GMT" time="49.352" errors="0">
  <testcase name="testParameterWithXML" time="49.352" classname="first.second"/>
</testsuite> <!-- first.second -->
